<?xml version="1.0" encoding="UTF-8"?>
<!-- Generated by org.testng.reporters.JUnitXMLReporter -->
<testsuite hostname="cliffton" name="Surefire test" tests="4" failures="0" timestamp="3 Aug 2017 07:38:27 GMT" time="60.975" errors="0">
  <testcase name="positiveTestClerkLogin" time="21.544" classname="tests.LoginSmokeTest"/>
  <testcase name="negativeTestClerkLogin" time="10.177" classname="tests.LoginSmokeTest"/>
  <testcase name="positiveTestAdminLogin" time="13.181" classname="tests.LoginSmokeTest"/>
  <testcase name="negativeTestAdminLogin" time="16.059" classname="tests.LoginSmokeTest"/>
</testsuite> <!-- Surefire test -->
