<?xml version="1.0" encoding="UTF-8"?>
<!-- Generated by org.testng.reporters.JUnitXMLReporter -->
<testsuite hostname="cliffton" name="Surefire test" tests="4" failures="0" timestamp="12 Aug 2017 16:56:17 GMT" time="32.878" errors="0">
  <testcase name="positiveTestClerkLogin" time="9.083" classname="tests.LoginSmokeTest"/>
  <testcase name="negativeTestClerkLogin" time="7.959" classname="tests.LoginSmokeTest"/>
  <testcase name="positiveTestAdminLogin" time="7.981" classname="tests.LoginSmokeTest"/>
  <testcase name="negativeTestAdminLogin" time="7.843" classname="tests.LoginSmokeTest"/>
</testsuite> <!-- Surefire test -->
