<?xml version="1.0" encoding="UTF-8"?>
<!-- Generated by org.testng.reporters.JUnitXMLReporter -->
<testsuite hostname="cliffton" name="Surefire test" tests="4" failures="0" timestamp="3 Aug 2017 13:19:45 GMT" time="40.539" errors="0">
  <testcase name="positiveTestClerkLogin" time="12.184" classname="tests.LoginSmokeTest"/>
  <testcase name="negativeTestClerkLogin" time="7.673" classname="tests.LoginSmokeTest"/>
  <testcase name="positiveTestAdminLogin" time="12.744" classname="tests.LoginSmokeTest"/>
  <testcase name="negativeTestAdminLogin" time="7.92" classname="tests.LoginSmokeTest"/>
</testsuite> <!-- Surefire test -->
