<?xml version="1.0" encoding="UTF-8"?>
<testng-results skipped="0" failed="0" total="4" passed="4">
  <reporter-output>
  </reporter-output>
  <suite name="Surefire suite" duration-ms="23752" started-at="2017-08-05T17:57:50Z" finished-at="2017-08-05T17:58:13Z">
    <groups>
    </groups>
    <test name="Surefire test" duration-ms="23752" started-at="2017-08-05T17:57:50Z" finished-at="2017-08-05T17:58:13Z">
      <class name="tests.LoginSmokeTest">
        <test-method status="PASS" signature="positiveTestClerkLogin()[pri:1, instance:tests.LoginSmokeTest@6fadae5d]" name="positiveTestClerkLogin" duration-ms="6399" started-at="2017-08-05T20:57:50Z" finished-at="2017-08-05T20:57:56Z">
          <reporter-output>
          </reporter-output>
        </test-method> <!-- positiveTestClerkLogin -->
        <test-method status="PASS" signature="negativeTestClerkLogin()[pri:2, instance:tests.LoginSmokeTest@6fadae5d]" name="negativeTestClerkLogin" duration-ms="5725" started-at="2017-08-05T20:57:56Z" finished-at="2017-08-05T20:58:02Z">
          <reporter-output>
          </reporter-output>
        </test-method> <!-- negativeTestClerkLogin -->
        <test-method status="PASS" signature="positiveTestAdminLogin()[pri:3, instance:tests.LoginSmokeTest@6fadae5d]" name="positiveTestAdminLogin" duration-ms="5754" started-at="2017-08-05T20:58:02Z" finished-at="2017-08-05T20:58:07Z">
          <reporter-output>
          </reporter-output>
        </test-method> <!-- positiveTestAdminLogin -->
        <test-method status="PASS" signature="negativeTestAdminLogin()[pri:4, instance:tests.LoginSmokeTest@6fadae5d]" name="negativeTestAdminLogin" duration-ms="5851" started-at="2017-08-05T20:58:07Z" finished-at="2017-08-05T20:58:13Z">
          <reporter-output>
          </reporter-output>
        </test-method> <!-- negativeTestAdminLogin -->
        <test-method status="FAIL" signature="teardown()[pri:0, instance:tests.LoginSmokeTest@6fadae5d]" name="teardown" is-config="true" duration-ms="0" started-at="2017-08-05T20:58:13Z" finished-at="2017-08-05T20:58:13Z">
          <exception class="org.openqa.selenium.NoSuchSessionException">
            <message>
              <![CDATA[Session ID is null. Using WebDriver after calling quit()?
Build info: version: '3.4.0', revision: 'unknown', time: 'unknown'
System info: host: 'cliffton', ip: '127.0.1.1', os.name: 'Linux', os.arch: 'amd64', os.version: '4.4.0-83-generic', java.version: '1.8.0_131'
Driver info: driver.version: RemoteWebDriver]]>
            </message>
            <full-stacktrace>
              <![CDATA[org.openqa.selenium.NoSuchSessionException: Session ID is null. Using WebDriver after calling quit()?
Build info: version: '3.4.0', revision: 'unknown', time: 'unknown'
System info: host: 'cliffton', ip: '127.0.1.1', os.name: 'Linux', os.arch: 'amd64', os.version: '4.4.0-83-generic', java.version: '1.8.0_131'
Driver info: driver.version: RemoteWebDriver
	at org.openqa.selenium.remote.HttpCommandExecutor.execute(HttpCommandExecutor.java:131)
	at org.openqa.selenium.remote.service.DriverCommandExecutor.execute(DriverCommandExecutor.java:82)
	at org.openqa.selenium.remote.RemoteWebDriver.execute(RemoteWebDriver.java:637)
	at org.openqa.selenium.remote.RemoteWebDriver.execute(RemoteWebDriver.java:694)
	at org.openqa.selenium.remote.RemoteWebDriver$RemoteWebDriverOptions.deleteAllCookies(RemoteWebDriver.java:776)
	at tests.LoginSmokeTest.teardown(LoginSmokeTest.java:23)
	at sun.reflect.NativeMethodAccessorImpl.invoke0(Native Method)
	at sun.reflect.NativeMethodAccessorImpl.invoke(NativeMethodAccessorImpl.java:62)
	at sun.reflect.DelegatingMethodAccessorImpl.invoke(DelegatingMethodAccessorImpl.java:43)
	at java.lang.reflect.Method.invoke(Method.java:498)
	at org.testng.internal.MethodInvocationHelper.invokeMethod(MethodInvocationHelper.java:86)
	at org.testng.internal.Invoker.invokeConfigurationMethod(Invoker.java:514)
	at org.testng.internal.Invoker.invokeConfigurations(Invoker.java:215)
	at org.testng.internal.Invoker.invokeConfigurations(Invoker.java:142)
	at org.testng.TestRunner.afterRun(TestRunner.java:1012)
	at org.testng.TestRunner.run(TestRunner.java:636)
	at org.testng.SuiteRunner.runTest(SuiteRunner.java:366)
	at org.testng.SuiteRunner.runSequentially(SuiteRunner.java:361)
	at org.testng.SuiteRunner.privateRun(SuiteRunner.java:319)
	at org.testng.SuiteRunner.run(SuiteRunner.java:268)
	at org.testng.SuiteRunnerWorker.runSuite(SuiteRunnerWorker.java:52)
	at org.testng.SuiteRunnerWorker.run(SuiteRunnerWorker.java:86)
	at org.testng.TestNG.runSuitesSequentially(TestNG.java:1244)
	at org.testng.TestNG.runSuitesLocally(TestNG.java:1169)
	at org.testng.TestNG.run(TestNG.java:1064)
	at org.apache.maven.surefire.testng.TestNGExecutor.run(TestNGExecutor.java:115)
	at org.apache.maven.surefire.testng.TestNGDirectoryTestSuite.executeSingleClass(TestNGDirectoryTestSuite.java:128)
	at org.apache.maven.surefire.testng.TestNGDirectoryTestSuite.execute(TestNGDirectoryTestSuite.java:112)
	at org.apache.maven.surefire.testng.TestNGProvider.invoke(TestNGProvider.java:112)
	at org.apache.maven.surefire.booter.ForkedBooter.invokeProviderInSameClassLoader(ForkedBooter.java:200)
	at org.apache.maven.surefire.booter.ForkedBooter.runSuitesInProcess(ForkedBooter.java:153)
	at org.apache.maven.surefire.booter.ForkedBooter.main(ForkedBooter.java:103)
]]>
            </full-stacktrace>
          </exception> <!-- org.openqa.selenium.NoSuchSessionException -->
          <reporter-output>
          </reporter-output>
        </test-method> <!-- teardown -->
      </class> <!-- tests.LoginSmokeTest -->
    </test> <!-- Surefire test -->
  </suite> <!-- Surefire suite -->
</testng-results>
